# Logfile created on Fri Nov 30 10:31:24 +0800 2012

Processing HomepageController#index (for 127.0.0.1 at 2012-11-30 10:35:01) [GET]
  Parameters: {"action"=>"index", "controller"=>"homepage"}
Rendering template within layouts/application
Rendering homepage/index
Rendered layouts/_banner (14.2ms)
Rendered users/_user_bar (12.3ms)
Rendered layouts/_topmenu (1.7ms)
Rendered layouts/_footer (0.7ms)
Completed in 622ms (View: 574, DB: 0) | 200 OK [http://127.0.0.1/]


Processing ApplicationController#index (for 127.0.0.1 at 2012-11-30 10:35:02) [GET]

ActionController::RoutingError (No route matches "/stylesheets/application.css" with {:method=>:get}):
  /usr/local/rvm/rubies/ruby-1.8.7-p370/lib/ruby/1.8/webrick/httpserver.rb:104:in `service'
  /usr/local/rvm/rubies/ruby-1.8.7-p370/lib/ruby/1.8/webrick/httpserver.rb:65:in `run'
  /usr/local/rvm/rubies/ruby-1.8.7-p370/lib/ruby/1.8/webrick/server.rb:173:in `start_thread'
  /usr/local/rvm/rubies/ruby-1.8.7-p370/lib/ruby/1.8/webrick/server.rb:162:in `start'
  /usr/local/rvm/rubies/ruby-1.8.7-p370/lib/ruby/1.8/webrick/server.rb:162:in `start_thread'
  /usr/local/rvm/rubies/ruby-1.8.7-p370/lib/ruby/1.8/webrick/server.rb:95:in `start'
  /usr/local/rvm/rubies/ruby-1.8.7-p370/lib/ruby/1.8/webrick/server.rb:92:in `each'
  /usr/local/rvm/rubies/ruby-1.8.7-p370/lib/ruby/1.8/webrick/server.rb:92:in `start'
  /usr/local/rvm/rubies/ruby-1.8.7-p370/lib/ruby/1.8/webrick/server.rb:23:in `start'
  /usr/local/rvm/rubies/ruby-1.8.7-p370/lib/ruby/1.8/webrick/server.rb:82:in `start'

Rendering rescues/layout (not_found)


Processing ApplicationController#index (for 127.0.0.1 at 2012-11-30 10:35:03) [GET]

ActionController::RoutingError (No route matches "/javascripts/sdmenu.js" with {:method=>:get}):
  /usr/local/rvm/rubies/ruby-1.8.7-p370/lib/ruby/1.8/webrick/httpserver.rb:104:in `service'
  /usr/local/rvm/rubies/ruby-1.8.7-p370/lib/ruby/1.8/webrick/httpserver.rb:65:in `run'
  /usr/local/rvm/rubies/ruby-1.8.7-p370/lib/ruby/1.8/webrick/server.rb:173:in `start_thread'
  /usr/local/rvm/rubies/ruby-1.8.7-p370/lib/ruby/1.8/webrick/server.rb:162:in `start'
  /usr/local/rvm/rubies/ruby-1.8.7-p370/lib/ruby/1.8/webrick/server.rb:162:in `start_thread'
  /usr/local/rvm/rubies/ruby-1.8.7-p370/lib/ruby/1.8/webrick/server.rb:95:in `start'
  /usr/local/rvm/rubies/ruby-1.8.7-p370/lib/ruby/1.8/webrick/server.rb:92:in `each'
  /usr/local/rvm/rubies/ruby-1.8.7-p370/lib/ruby/1.8/webrick/server.rb:92:in `start'
  /usr/local/rvm/rubies/ruby-1.8.7-p370/lib/ruby/1.8/webrick/server.rb:23:in `start'
  /usr/local/rvm/rubies/ruby-1.8.7-p370/lib/ruby/1.8/webrick/server.rb:82:in `start'

Rendering rescues/layout (not_found)


Processing ApplicationController#index (for 127.0.0.1 at 2012-11-30 10:35:03) [GET]

ActionController::RoutingError (No route matches "/stylesheets/images/bg.gif" with {:method=>:get}):
  /usr/local/rvm/rubies/ruby-1.8.7-p370/lib/ruby/1.8/webrick/httpserver.rb:104:in `service'
  /usr/local/rvm/rubies/ruby-1.8.7-p370/lib/ruby/1.8/webrick/httpserver.rb:65:in `run'
  /usr/local/rvm/rubies/ruby-1.8.7-p370/lib/ruby/1.8/webrick/server.rb:173:in `start_thread'
  /usr/local/rvm/rubies/ruby-1.8.7-p370/lib/ruby/1.8/webrick/server.rb:162:in `start'
  /usr/local/rvm/rubies/ruby-1.8.7-p370/lib/ruby/1.8/webrick/server.rb:162:in `start_thread'
  /usr/local/rvm/rubies/ruby-1.8.7-p370/lib/ruby/1.8/webrick/server.rb:95:in `start'
  /usr/local/rvm/rubies/ruby-1.8.7-p370/lib/ruby/1.8/webrick/server.rb:92:in `each'
  /usr/local/rvm/rubies/ruby-1.8.7-p370/lib/ruby/1.8/webrick/server.rb:92:in `start'
  /usr/local/rvm/rubies/ruby-1.8.7-p370/lib/ruby/1.8/webrick/server.rb:23:in `start'
  /usr/local/rvm/rubies/ruby-1.8.7-p370/lib/ruby/1.8/webrick/server.rb:82:in `start'

Rendering rescues/layout (not_found)


Processing SessionsController#new (for 127.0.0.1 at 2012-11-30 10:35:08) [GET]
  Parameters: {"action"=>"new", "controller"=>"sessions"}
Rendering template within layouts/application
Rendering sessions/new
Rendered layouts/_banner (0.1ms)
Rendered users/_user_bar (0.4ms)
Rendered layouts/_topmenu (0.2ms)
Rendered layouts/_footer (0.1ms)
Completed in 71ms (View: 59, DB: 0) | 200 OK [http://127.0.0.1/login]


Processing ApplicationController#index (for 127.0.0.1 at 2012-11-30 10:35:08) [GET]

ActionController::RoutingError (No route matches "/stylesheets/application.css" with {:method=>:get}):
  /usr/local/rvm/rubies/ruby-1.8.7-p370/lib/ruby/1.8/webrick/httpserver.rb:104:in `service'
  /usr/local/rvm/rubies/ruby-1.8.7-p370/lib/ruby/1.8/webrick/httpserver.rb:65:in `run'
  /usr/local/rvm/rubies/ruby-1.8.7-p370/lib/ruby/1.8/webrick/server.rb:173:in `start_thread'
  /usr/local/rvm/rubies/ruby-1.8.7-p370/lib/ruby/1.8/webrick/server.rb:162:in `start'
  /usr/local/rvm/rubies/ruby-1.8.7-p370/lib/ruby/1.8/webrick/server.rb:162:in `start_thread'
  /usr/local/rvm/rubies/ruby-1.8.7-p370/lib/ruby/1.8/webrick/server.rb:95:in `start'
  /usr/local/rvm/rubies/ruby-1.8.7-p370/lib/ruby/1.8/webrick/server.rb:92:in `each'
  /usr/local/rvm/rubies/ruby-1.8.7-p370/lib/ruby/1.8/webrick/server.rb:92:in `start'
  /usr/local/rvm/rubies/ruby-1.8.7-p370/lib/ruby/1.8/webrick/server.rb:23:in `start'
  /usr/local/rvm/rubies/ruby-1.8.7-p370/lib/ruby/1.8/webrick/server.rb:82:in `start'

Rendering rescues/layout (not_found)


Processing ApplicationController#index (for 127.0.0.1 at 2012-11-30 10:35:08) [GET]

ActionController::RoutingError (No route matches "/javascripts/sdmenu.js" with {:method=>:get}):
  /usr/local/rvm/rubies/ruby-1.8.7-p370/lib/ruby/1.8/webrick/httpserver.rb:104:in `service'
  /usr/local/rvm/rubies/ruby-1.8.7-p370/lib/ruby/1.8/webrick/httpserver.rb:65:in `run'
  /usr/local/rvm/rubies/ruby-1.8.7-p370/lib/ruby/1.8/webrick/server.rb:173:in `start_thread'
  /usr/local/rvm/rubies/ruby-1.8.7-p370/lib/ruby/1.8/webrick/server.rb:162:in `start'
  /usr/local/rvm/rubies/ruby-1.8.7-p370/lib/ruby/1.8/webrick/server.rb:162:in `start_thread'
  /usr/local/rvm/rubies/ruby-1.8.7-p370/lib/ruby/1.8/webrick/server.rb:95:in `start'
  /usr/local/rvm/rubies/ruby-1.8.7-p370/lib/ruby/1.8/webrick/server.rb:92:in `each'
  /usr/local/rvm/rubies/ruby-1.8.7-p370/lib/ruby/1.8/webrick/server.rb:92:in `start'
  /usr/local/rvm/rubies/ruby-1.8.7-p370/lib/ruby/1.8/webrick/server.rb:23:in `start'
  /usr/local/rvm/rubies/ruby-1.8.7-p370/lib/ruby/1.8/webrick/server.rb:82:in `start'

Rendering rescues/layout (not_found)


Processing SessionsController#create (for 127.0.0.1 at 2012-11-30 10:35:16) [POST]
  Parameters: {"login"=>"admin", "action"=>"create", "controller"=>"sessions", "password"=>"[FILTERED]", "commit"=>"Log in"}
  [4;36;1mUser Load (14.3ms)[0m   [0;1mSELECT * FROM "users" WHERE ("users"."login" = 'admin') LIMIT 1[0m
Failed login for 'admin' from 127.0.0.1 at Fri Nov 30 02:35:16 UTC 2012
Rendering template within layouts/application
Rendering sessions/new
Rendered layouts/_banner (0.1ms)
Rendered users/_user_bar (0.3ms)
Rendered layouts/_topmenu (0.2ms)
Rendered layouts/_footer (0.2ms)
Completed in 237ms (View: 8, DB: 14) | 200 OK [http://127.0.0.1/session]


Processing ApplicationController#index (for 127.0.0.1 at 2012-11-30 10:35:16) [GET]

ActionController::RoutingError (No route matches "/stylesheets/application.css" with {:method=>:get}):
  /usr/local/rvm/rubies/ruby-1.8.7-p370/lib/ruby/1.8/webrick/httpserver.rb:104:in `service'
  /usr/local/rvm/rubies/ruby-1.8.7-p370/lib/ruby/1.8/webrick/httpserver.rb:65:in `run'
  /usr/local/rvm/rubies/ruby-1.8.7-p370/lib/ruby/1.8/webrick/server.rb:173:in `start_thread'
  /usr/local/rvm/rubies/ruby-1.8.7-p370/lib/ruby/1.8/webrick/server.rb:162:in `start'
  /usr/local/rvm/rubies/ruby-1.8.7-p370/lib/ruby/1.8/webrick/server.rb:162:in `start_thread'
  /usr/local/rvm/rubies/ruby-1.8.7-p370/lib/ruby/1.8/webrick/server.rb:95:in `start'
  /usr/local/rvm/rubies/ruby-1.8.7-p370/lib/ruby/1.8/webrick/server.rb:92:in `each'
  /usr/local/rvm/rubies/ruby-1.8.7-p370/lib/ruby/1.8/webrick/server.rb:92:in `start'
  /usr/local/rvm/rubies/ruby-1.8.7-p370/lib/ruby/1.8/webrick/server.rb:23:in `start'
  /usr/local/rvm/rubies/ruby-1.8.7-p370/lib/ruby/1.8/webrick/server.rb:82:in `start'

Rendering rescues/layout (not_found)


Processing ApplicationController#index (for 127.0.0.1 at 2012-11-30 10:35:16) [GET]

ActionController::RoutingError (No route matches "/javascripts/sdmenu.js" with {:method=>:get}):
  /usr/local/rvm/rubies/ruby-1.8.7-p370/lib/ruby/1.8/webrick/httpserver.rb:104:in `service'
  /usr/local/rvm/rubies/ruby-1.8.7-p370/lib/ruby/1.8/webrick/httpserver.rb:65:in `run'
  /usr/local/rvm/rubies/ruby-1.8.7-p370/lib/ruby/1.8/webrick/server.rb:173:in `start_thread'
  /usr/local/rvm/rubies/ruby-1.8.7-p370/lib/ruby/1.8/webrick/server.rb:162:in `start'
  /usr/local/rvm/rubies/ruby-1.8.7-p370/lib/ruby/1.8/webrick/server.rb:162:in `start_thread'
  /usr/local/rvm/rubies/ruby-1.8.7-p370/lib/ruby/1.8/webrick/server.rb:95:in `start'
  /usr/local/rvm/rubies/ruby-1.8.7-p370/lib/ruby/1.8/webrick/server.rb:92:in `each'
  /usr/local/rvm/rubies/ruby-1.8.7-p370/lib/ruby/1.8/webrick/server.rb:92:in `start'
  /usr/local/rvm/rubies/ruby-1.8.7-p370/lib/ruby/1.8/webrick/server.rb:23:in `start'
  /usr/local/rvm/rubies/ruby-1.8.7-p370/lib/ruby/1.8/webrick/server.rb:82:in `start'

Rendering rescues/layout (not_found)


Processing SessionsController#create (for 127.0.0.1 at 2012-11-30 10:35:29) [POST]
  Parameters: {"login"=>"admin", "action"=>"create", "controller"=>"sessions", "password"=>"[FILTERED]", "commit"=>"Log in"}
  [4;35;1mUser Load (0.5ms)[0m   [0mSELECT * FROM "users" WHERE ("users"."login" = 'admin') LIMIT 1[0m
Failed login for 'admin' from 127.0.0.1 at Fri Nov 30 02:35:29 UTC 2012
Rendering template within layouts/application
Rendering sessions/new
Rendered layouts/_banner (0.1ms)
Rendered users/_user_bar (0.3ms)
Rendered layouts/_topmenu (0.1ms)
Rendered layouts/_footer (0.1ms)
Completed in 30ms (View: 9, DB: 0) | 200 OK [http://127.0.0.1/session]


Processing ApplicationController#index (for 127.0.0.1 at 2012-11-30 10:35:29) [GET]

ActionController::RoutingError (No route matches "/stylesheets/application.css" with {:method=>:get}):
  /usr/local/rvm/rubies/ruby-1.8.7-p370/lib/ruby/1.8/webrick/httpserver.rb:104:in `service'
  /usr/local/rvm/rubies/ruby-1.8.7-p370/lib/ruby/1.8/webrick/httpserver.rb:65:in `run'
  /usr/local/rvm/rubies/ruby-1.8.7-p370/lib/ruby/1.8/webrick/server.rb:173:in `start_thread'
  /usr/local/rvm/rubies/ruby-1.8.7-p370/lib/ruby/1.8/webrick/server.rb:162:in `start'
  /usr/local/rvm/rubies/ruby-1.8.7-p370/lib/ruby/1.8/webrick/server.rb:162:in `start_thread'
  /usr/local/rvm/rubies/ruby-1.8.7-p370/lib/ruby/1.8/webrick/server.rb:95:in `start'
  /usr/local/rvm/rubies/ruby-1.8.7-p370/lib/ruby/1.8/webrick/server.rb:92:in `each'
  /usr/local/rvm/rubies/ruby-1.8.7-p370/lib/ruby/1.8/webrick/server.rb:92:in `start'
  /usr/local/rvm/rubies/ruby-1.8.7-p370/lib/ruby/1.8/webrick/server.rb:23:in `start'
  /usr/local/rvm/rubies/ruby-1.8.7-p370/lib/ruby/1.8/webrick/server.rb:82:in `start'

Rendering rescues/layout (not_found)


Processing ApplicationController#index (for 127.0.0.1 at 2012-11-30 10:35:29) [GET]

ActionController::RoutingError (No route matches "/javascripts/sdmenu.js" with {:method=>:get}):
  /usr/local/rvm/rubies/ruby-1.8.7-p370/lib/ruby/1.8/webrick/httpserver.rb:104:in `service'
  /usr/local/rvm/rubies/ruby-1.8.7-p370/lib/ruby/1.8/webrick/httpserver.rb:65:in `run'
  /usr/local/rvm/rubies/ruby-1.8.7-p370/lib/ruby/1.8/webrick/server.rb:173:in `start_thread'
  /usr/local/rvm/rubies/ruby-1.8.7-p370/lib/ruby/1.8/webrick/server.rb:162:in `start'
  /usr/local/rvm/rubies/ruby-1.8.7-p370/lib/ruby/1.8/webrick/server.rb:162:in `start_thread'
  /usr/local/rvm/rubies/ruby-1.8.7-p370/lib/ruby/1.8/webrick/server.rb:95:in `start'
  /usr/local/rvm/rubies/ruby-1.8.7-p370/lib/ruby/1.8/webrick/server.rb:92:in `each'
  /usr/local/rvm/rubies/ruby-1.8.7-p370/lib/ruby/1.8/webrick/server.rb:92:in `start'
  /usr/local/rvm/rubies/ruby-1.8.7-p370/lib/ruby/1.8/webrick/server.rb:23:in `start'
  /usr/local/rvm/rubies/ruby-1.8.7-p370/lib/ruby/1.8/webrick/server.rb:82:in `start'

Rendering rescues/layout (not_found)


Processing SessionsController#create (for 127.0.0.1 at 2012-11-30 10:35:44) [POST]
  Parameters: {"login"=>"admin", "action"=>"create", "controller"=>"sessions", "password"=>"[FILTERED]", "commit"=>"Log in"}
  [4;36;1mUser Load (0.4ms)[0m   [0;1mSELECT * FROM "users" WHERE ("users"."login" = 'admin') LIMIT 1[0m
Failed login for 'admin' from 127.0.0.1 at Fri Nov 30 02:35:44 UTC 2012
Rendering template within layouts/application
Rendering sessions/new
Rendered layouts/_banner (0.1ms)
Rendered users/_user_bar (0.4ms)
Rendered layouts/_topmenu (0.1ms)
Rendered layouts/_footer (0.1ms)
Completed in 28ms (View: 8, DB: 0) | 200 OK [http://127.0.0.1/session]


Processing ApplicationController#index (for 127.0.0.1 at 2012-11-30 10:35:44) [GET]

ActionController::RoutingError (No route matches "/stylesheets/application.css" with {:method=>:get}):
  /usr/local/rvm/rubies/ruby-1.8.7-p370/lib/ruby/1.8/webrick/httpserver.rb:104:in `service'
  /usr/local/rvm/rubies/ruby-1.8.7-p370/lib/ruby/1.8/webrick/httpserver.rb:65:in `run'
  /usr/local/rvm/rubies/ruby-1.8.7-p370/lib/ruby/1.8/webrick/server.rb:173:in `start_thread'
  /usr/local/rvm/rubies/ruby-1.8.7-p370/lib/ruby/1.8/webrick/server.rb:162:in `start'
  /usr/local/rvm/rubies/ruby-1.8.7-p370/lib/ruby/1.8/webrick/server.rb:162:in `start_thread'
  /usr/local/rvm/rubies/ruby-1.8.7-p370/lib/ruby/1.8/webrick/server.rb:95:in `start'
  /usr/local/rvm/rubies/ruby-1.8.7-p370/lib/ruby/1.8/webrick/server.rb:92:in `each'
  /usr/local/rvm/rubies/ruby-1.8.7-p370/lib/ruby/1.8/webrick/server.rb:92:in `start'
  /usr/local/rvm/rubies/ruby-1.8.7-p370/lib/ruby/1.8/webrick/server.rb:23:in `start'
  /usr/local/rvm/rubies/ruby-1.8.7-p370/lib/ruby/1.8/webrick/server.rb:82:in `start'

Rendering rescues/layout (not_found)


Processing ApplicationController#index (for 127.0.0.1 at 2012-11-30 10:35:44) [GET]

ActionController::RoutingError (No route matches "/javascripts/sdmenu.js" with {:method=>:get}):
  /usr/local/rvm/rubies/ruby-1.8.7-p370/lib/ruby/1.8/webrick/httpserver.rb:104:in `service'
  /usr/local/rvm/rubies/ruby-1.8.7-p370/lib/ruby/1.8/webrick/httpserver.rb:65:in `run'
  /usr/local/rvm/rubies/ruby-1.8.7-p370/lib/ruby/1.8/webrick/server.rb:173:in `start_thread'
  /usr/local/rvm/rubies/ruby-1.8.7-p370/lib/ruby/1.8/webrick/server.rb:162:in `start'
  /usr/local/rvm/rubies/ruby-1.8.7-p370/lib/ruby/1.8/webrick/server.rb:162:in `start_thread'
  /usr/local/rvm/rubies/ruby-1.8.7-p370/lib/ruby/1.8/webrick/server.rb:95:in `start'
  /usr/local/rvm/rubies/ruby-1.8.7-p370/lib/ruby/1.8/webrick/server.rb:92:in `each'
  /usr/local/rvm/rubies/ruby-1.8.7-p370/lib/ruby/1.8/webrick/server.rb:92:in `start'
  /usr/local/rvm/rubies/ruby-1.8.7-p370/lib/ruby/1.8/webrick/server.rb:23:in `start'
  /usr/local/rvm/rubies/ruby-1.8.7-p370/lib/ruby/1.8/webrick/server.rb:82:in `start'

Rendering rescues/layout (not_found)
